Arguments: 
  C:\Program Files (x86)\nodejs\node.exe C:\Users\muham\AppData\Roaming\npm\node_modules\yarn\bin\yarn.js

PATH: 
  C:\Users\muham\bin;C:\Program Files\Git\mingw64\bin;C:\Program Files\Git\usr\local\bin;C:\Program Files\Git\usr\bin;C:\Program Files\Git\usr\bin;C:\Program Files\Git\mingw64\bin;C:\Program Files\Git\usr\bin;C:\Users\muham\bin;C:\WINDOWS\system32;C:\WINDOWS;C:\WINDOWS\System32\Wbem;C:\WINDOWS\System32\WindowsPowerShell\v1.0;C:\WINDOWS\System32\OpenSSH;C:\Program Files\php-8;C:\Program Files\MongoDB\Server\6.0\bin;C:\ProgramData\chocolatey\bin;C:\Program Files\mysql8.0.31\bin;C:\Program Files (x86)\nodejs;C:\Program Files\Git\cmd;C:\Users\muham\AppData\Local\Android\Sdk\platform-tools;C:\Python311;C:\Users\muham\AppData\Local\Programs\Python\Python311\Scripts;C:\Users\muham\AppData\Local\Programs\Python\Python311;C:\Users\muham\AppData\Local\Microsoft\WindowsApps;C:\Users\muham\AppData\Local\Programs\Microsoft VS Code\bin;C:\Program Files\php-8;C:\Users\muham\AppData\Local\ComposerSetup\bin;C:\Users\muham\AppData\Roaming\Composer\vendor\bin;C:\Program Files\MongoDB\Server\6.0\bin;C:\Users\muham\AppData\Local\GitHubDesktop\bin;C:\Users\muham\AppData\Local\Android\Sdk\platform-tools;C:\tools\dart-sdk\bin;C:\Users\muham\AppData\Roaming\Pub\Cache\bin;C:\Program Files\JetBrains\WebStorm 2022.1\bin;C:\Program Files\mysql8.0.31\bin;C:\Users\muham\AppData\Roaming\npm;C:\Program Files (x86)\nodejs;C:\Python311;C:\Program Files\Git\usr\bin\vendor_perl;C:\Program Files\Git\usr\bin\core_perl

Yarn version: 
  1.22.19

Node version: 
  16.18.0

Platform: 
  win32 ia32

Trace: 
  Error: https://registry.yarnpkg.com/react-dom: socket hang up
      at connResetException (node:internal/errors:705:14)
      at TLSSocket.socketOnEnd (node:_http_client:518:23)
      at TLSSocket.emit (node:events:525:35)
      at endReadableNT (node:internal/streams/readable:1358:12)
      at processTicksAndRejections (node:internal/process/task_queues:83:21)

npm manifest: 
  {
    "name": "pland",
    "version": "1.0.0",
    "main": "node_modules/expo/AppEntry.js",
    "scripts": {
      "start": "expo start",
      "android": "expo start --android",
      "ios": "expo start --ios",
      "web": "expo start --web"
    },
    "dependencies": {
      "@expo/vector-icons": "^13.0.0",
      "@react-native-async-storage/async-storage": "^1.17.11",
      "@react-navigation/bottom-tabs": "^6.5.3",
      "@react-navigation/native": "^6.1.2",
      "@react-navigation/native-stack": "^6.9.9",
      "expo": "~47.0.12",
      "expo-status-bar": "~1.4.2",
      "native-base": "^3.4.25",
      "react": "18.1.0",
      "react-dom": "^18.2.0",
      "react-native": "0.70.5",
      "react-native-paper": "^5.1.4",
      "react-native-safe-area-context": "^4.5.0",
      "react-native-screens": "^3.19.0",
      "react-native-svg": "^13.7.0",
      "react-native-web": "^0.18.12"
    },
    "devDependencies": {
      "@babel/core": "^7.12.9",
      "metro-minify-terser": "^0.74.1"
    },
    "private": true
  }

yarn manifest: 
  No manifest

Lockfile: 
  No lockfile
